<?xml version="1.0" encoding="UTF-8"?>
<!-- Generated by org.testng.reporters.JUnitXMLReporter -->
<testsuite ignored="4" hostname="Tyler_PC" failures="0" tests="1" name="Default test" time="7.636" errors="0" timestamp="2023-10-31T19:38:58 EDT">
  <testcase classname="DummyAutomationWebsite.tests.ProductTest" name="addProductToCart" time="5.433"/>
  <testcase classname="DummyAutomationWebsite.tests.ProductTest" name="productNameSortAtoZ" time="0.0">
    <ignored/>
  </testcase> <!-- productNameSortAtoZ -->
  <testcase classname="DummyAutomationWebsite.tests.ProductTest" name="productNameSortZtoA" time="0.0">
    <ignored/>
  </testcase> <!-- productNameSortZtoA -->
  <testcase classname="DummyAutomationWebsite.tests.ProductTest" name="productPricesSortLowtoHigh" time="0.0">
    <ignored/>
  </testcase> <!-- productPricesSortLowtoHigh -->
  <testcase classname="DummyAutomationWebsite.tests.ProductTest" name="productPricesSortHightoLow" time="0.0">
    <ignored/>
  </testcase> <!-- productPricesSortHightoLow -->
</testsuite> <!-- Default test -->
