<?xml version="1.0" encoding="UTF-8"?>
<testng-results ignored="0" total="15" passed="15" failed="0" skipped="0">
  <reporter-output>
  </reporter-output>
  <suite started-at="2023-11-06T14:41:56 EST" name="Default suite" finished-at="2023-11-06T14:43:10 EST" duration-ms="74170">
    <groups>
      <group name="cucumber">
        <method signature="AbstractTestNGCucumberTests.runScenario(io.cucumber.testng.PickleWrapper,io.cucumber.testng.FeatureWrapper)[pri:0, instance:DummyAutomationWebsite.cucumber.TestRunner@36902638]" name="runScenario" class="io.cucumber.testng.AbstractTestNGCucumberTests"/>
      </group> <!-- cucumber -->
    </groups>
    <test started-at="2023-11-06T14:41:56 EST" name="Default test" finished-at="2023-11-06T14:43:10 EST" duration-ms="74170">
      <class name="DummyAutomationWebsite.cucumber.TestRunner">
        <test-method is-config="true" signature="setUpClass(org.testng.ITestContext)[pri:0, instance:DummyAutomationWebsite.cucumber.TestRunner@36902638]" started-at="2023-11-06T14:41:56 EST" name="setUpClass" finished-at="2023-11-06T14:41:56 EST" duration-ms="427" status="PASS">
          <params>
            <param index="0">
              <value>
                <![CDATA[org.testng.TestRunner@49005dc4]]>
              </value>
            </param>
          </params>
          <reporter-output>
          </reporter-output>
        </test-method> <!-- setUpClass -->
        <test-method signature="runScenario(io.cucumber.testng.PickleWrapper,io.cucumber.testng.FeatureWrapper)[pri:0, instance:DummyAutomationWebsite.cucumber.TestRunner@36902638]" started-at="2023-11-06T14:41:56 EST" name="runScenario" description="Runs Cucumber Scenarios" data-provider="scenarios" finished-at="2023-11-06T14:42:03 EST" duration-ms="6620" status="PASS">
          <params>
            <param index="0">
              <value>
                <![CDATA["Test required login fields"]]>
              </value>
            </param>
            <param index="1">
              <value>
                <![CDATA["Title of your feature"]]>
              </value>
            </param>
          </params>
          <reporter-output>
          </reporter-output>
        </test-method> <!-- runScenario -->
        <test-method signature="runScenario(io.cucumber.testng.PickleWrapper,io.cucumber.testng.FeatureWrapper)[pri:0, instance:DummyAutomationWebsite.cucumber.TestRunner@36902638]" started-at="2023-11-06T14:42:03 EST" name="runScenario" description="Runs Cucumber Scenarios" data-provider="scenarios" finished-at="2023-11-06T14:42:04 EST" duration-ms="1588" status="PASS">
          <params>
            <param index="0">
              <value>
                <![CDATA["Test required login fields"]]>
              </value>
            </param>
            <param index="1">
              <value>
                <![CDATA["Title of your feature"]]>
              </value>
            </param>
          </params>
          <reporter-output>
          </reporter-output>
        </test-method> <!-- runScenario -->
        <test-method signature="runScenario(io.cucumber.testng.PickleWrapper,io.cucumber.testng.FeatureWrapper)[pri:0, instance:DummyAutomationWebsite.cucumber.TestRunner@36902638]" started-at="2023-11-06T14:42:04 EST" name="runScenario" description="Runs Cucumber Scenarios" data-provider="scenarios" finished-at="2023-11-06T14:42:09 EST" duration-ms="4820" status="PASS">
          <params>
            <param index="0">
              <value>
                <![CDATA["Add product to cart"]]>
              </value>
            </param>
            <param index="1">
              <value>
                <![CDATA["Title of your feature"]]>
              </value>
            </param>
          </params>
          <reporter-output>
          </reporter-output>
        </test-method> <!-- runScenario -->
        <test-method signature="runScenario(io.cucumber.testng.PickleWrapper,io.cucumber.testng.FeatureWrapper)[pri:0, instance:DummyAutomationWebsite.cucumber.TestRunner@36902638]" started-at="2023-11-06T14:42:09 EST" name="runScenario" description="Runs Cucumber Scenarios" data-provider="scenarios" finished-at="2023-11-06T14:42:14 EST" duration-ms="4732" status="PASS">
          <params>
            <param index="0">
              <value>
                <![CDATA["Sort products"]]>
              </value>
            </param>
            <param index="1">
              <value>
                <![CDATA["Title of your feature"]]>
              </value>
            </param>
          </params>
          <reporter-output>
          </reporter-output>
        </test-method> <!-- runScenario -->
        <test-method signature="runScenario(io.cucumber.testng.PickleWrapper,io.cucumber.testng.FeatureWrapper)[pri:0, instance:DummyAutomationWebsite.cucumber.TestRunner@36902638]" started-at="2023-11-06T14:42:14 EST" name="runScenario" description="Runs Cucumber Scenarios" data-provider="scenarios" finished-at="2023-11-06T14:42:19 EST" duration-ms="4710" status="PASS">
          <params>
            <param index="0">
              <value>
                <![CDATA["Sort products"]]>
              </value>
            </param>
            <param index="1">
              <value>
                <![CDATA["Title of your feature"]]>
              </value>
            </param>
          </params>
          <reporter-output>
          </reporter-output>
        </test-method> <!-- runScenario -->
        <test-method signature="runScenario(io.cucumber.testng.PickleWrapper,io.cucumber.testng.FeatureWrapper)[pri:0, instance:DummyAutomationWebsite.cucumber.TestRunner@36902638]" started-at="2023-11-06T14:42:19 EST" name="runScenario" description="Runs Cucumber Scenarios" data-provider="scenarios" finished-at="2023-11-06T14:42:23 EST" duration-ms="4757" status="PASS">
          <params>
            <param index="0">
              <value>
                <![CDATA["Sort products"]]>
              </value>
            </param>
            <param index="1">
              <value>
                <![CDATA["Title of your feature"]]>
              </value>
            </param>
          </params>
          <reporter-output>
          </reporter-output>
        </test-method> <!-- runScenario -->
        <test-method signature="runScenario(io.cucumber.testng.PickleWrapper,io.cucumber.testng.FeatureWrapper)[pri:0, instance:DummyAutomationWebsite.cucumber.TestRunner@36902638]" started-at="2023-11-06T14:42:23 EST" name="runScenario" description="Runs Cucumber Scenarios" data-provider="scenarios" finished-at="2023-11-06T14:42:28 EST" duration-ms="4718" status="PASS">
          <params>
            <param index="0">
              <value>
                <![CDATA["Sort products"]]>
              </value>
            </param>
            <param index="1">
              <value>
                <![CDATA["Title of your feature"]]>
              </value>
            </param>
          </params>
          <reporter-output>
          </reporter-output>
        </test-method> <!-- runScenario -->
        <test-method signature="runScenario(io.cucumber.testng.PickleWrapper,io.cucumber.testng.FeatureWrapper)[pri:0, instance:DummyAutomationWebsite.cucumber.TestRunner@36902638]" started-at="2023-11-06T14:42:28 EST" name="runScenario" description="Runs Cucumber Scenarios" data-provider="scenarios" finished-at="2023-11-06T14:42:36 EST" duration-ms="7765" status="PASS">
          <params>
            <param index="0">
              <value>
                <![CDATA["Remove product from cart"]]>
              </value>
            </param>
            <param index="1">
              <value>
                <![CDATA["Title of your feature"]]>
              </value>
            </param>
          </params>
          <reporter-output>
          </reporter-output>
        </test-method> <!-- runScenario -->
        <test-method signature="runScenario(io.cucumber.testng.PickleWrapper,io.cucumber.testng.FeatureWrapper)[pri:0, instance:DummyAutomationWebsite.cucumber.TestRunner@36902638]" started-at="2023-11-06T14:42:36 EST" name="runScenario" description="Runs Cucumber Scenarios" data-provider="scenarios" finished-at="2023-11-06T14:42:41 EST" duration-ms="4715" status="PASS">
          <params>
            <param index="0">
              <value>
                <![CDATA["Continue shopping from cart page"]]>
              </value>
            </param>
            <param index="1">
              <value>
                <![CDATA["Title of your feature"]]>
              </value>
            </param>
          </params>
          <reporter-output>
          </reporter-output>
        </test-method> <!-- runScenario -->
        <test-method signature="runScenario(io.cucumber.testng.PickleWrapper,io.cucumber.testng.FeatureWrapper)[pri:0, instance:DummyAutomationWebsite.cucumber.TestRunner@36902638]" started-at="2023-11-06T14:42:41 EST" name="runScenario" description="Runs Cucumber Scenarios" data-provider="scenarios" finished-at="2023-11-06T14:42:45 EST" duration-ms="4674" status="PASS">
          <params>
            <param index="0">
              <value>
                <![CDATA["Checkout"]]>
              </value>
            </param>
            <param index="1">
              <value>
                <![CDATA["Title of your feature"]]>
              </value>
            </param>
          </params>
          <reporter-output>
          </reporter-output>
        </test-method> <!-- runScenario -->
        <test-method signature="runScenario(io.cucumber.testng.PickleWrapper,io.cucumber.testng.FeatureWrapper)[pri:0, instance:DummyAutomationWebsite.cucumber.TestRunner@36902638]" started-at="2023-11-06T14:42:45 EST" name="runScenario" description="Runs Cucumber Scenarios" data-provider="scenarios" finished-at="2023-11-06T14:42:50 EST" duration-ms="4989" status="PASS">
          <params>
            <param index="0">
              <value>
                <![CDATA["Test required fields for checkout info"]]>
              </value>
            </param>
            <param index="1">
              <value>
                <![CDATA["Title of your feature"]]>
              </value>
            </param>
          </params>
          <reporter-output>
          </reporter-output>
        </test-method> <!-- runScenario -->
        <test-method signature="runScenario(io.cucumber.testng.PickleWrapper,io.cucumber.testng.FeatureWrapper)[pri:0, instance:DummyAutomationWebsite.cucumber.TestRunner@36902638]" started-at="2023-11-06T14:42:50 EST" name="runScenario" description="Runs Cucumber Scenarios" data-provider="scenarios" finished-at="2023-11-06T14:42:55 EST" duration-ms="4731" status="PASS">
          <params>
            <param index="0">
              <value>
                <![CDATA["Cancel Checkout from Checkout Info Page"]]>
              </value>
            </param>
            <param index="1">
              <value>
                <![CDATA["Title of your feature"]]>
              </value>
            </param>
          </params>
          <reporter-output>
          </reporter-output>
        </test-method> <!-- runScenario -->
        <test-method signature="runScenario(io.cucumber.testng.PickleWrapper,io.cucumber.testng.FeatureWrapper)[pri:0, instance:DummyAutomationWebsite.cucumber.TestRunner@36902638]" started-at="2023-11-06T14:42:55 EST" name="runScenario" description="Runs Cucumber Scenarios" data-provider="scenarios" finished-at="2023-11-06T14:43:00 EST" duration-ms="4804" status="PASS">
          <params>
            <param index="0">
              <value>
                <![CDATA["Continue Checkout from Checkout Info Page"]]>
              </value>
            </param>
            <param index="1">
              <value>
                <![CDATA["Title of your feature"]]>
              </value>
            </param>
          </params>
          <reporter-output>
          </reporter-output>
        </test-method> <!-- runScenario -->
        <test-method signature="runScenario(io.cucumber.testng.PickleWrapper,io.cucumber.testng.FeatureWrapper)[pri:0, instance:DummyAutomationWebsite.cucumber.TestRunner@36902638]" started-at="2023-11-06T14:43:00 EST" name="runScenario" description="Runs Cucumber Scenarios" data-provider="scenarios" finished-at="2023-11-06T14:43:05 EST" duration-ms="4982" status="PASS">
          <params>
            <param index="0">
              <value>
                <![CDATA["Verify total in checkout overview page"]]>
              </value>
            </param>
            <param index="1">
              <value>
                <![CDATA["Title of your feature"]]>
              </value>
            </param>
          </params>
          <reporter-output>
          </reporter-output>
        </test-method> <!-- runScenario -->
        <test-method signature="runScenario(io.cucumber.testng.PickleWrapper,io.cucumber.testng.FeatureWrapper)[pri:0, instance:DummyAutomationWebsite.cucumber.TestRunner@36902638]" started-at="2023-11-06T14:43:05 EST" name="runScenario" description="Runs Cucumber Scenarios" data-provider="scenarios" finished-at="2023-11-06T14:43:10 EST" duration-ms="5088" status="PASS">
          <params>
            <param index="0">
              <value>
                <![CDATA["Verify header and back home button in checkout complete page"]]>
              </value>
            </param>
            <param index="1">
              <value>
                <![CDATA["Title of your feature"]]>
              </value>
            </param>
          </params>
          <reporter-output>
          </reporter-output>
        </test-method> <!-- runScenario -->
        <test-method is-config="true" signature="tearDownClass()[pri:0, instance:DummyAutomationWebsite.cucumber.TestRunner@36902638]" started-at="2023-11-06T14:43:10 EST" name="tearDownClass" finished-at="2023-11-06T14:43:10 EST" duration-ms="16" status="PASS">
          <reporter-output>
          </reporter-output>
        </test-method> <!-- tearDownClass -->
      </class> <!-- DummyAutomationWebsite.cucumber.TestRunner -->
    </test> <!-- Default test -->
  </suite> <!-- Default suite -->
</testng-results>
