<?xml version="1.0" encoding="UTF-8"?>
<testng-results ignored="1" total="2" passed="1" failed="0" skipped="0">
  <reporter-output>
  </reporter-output>
  <suite started-at="2023-11-01T15:48:42 EDT" name="Default suite" finished-at="2023-11-01T15:48:47 EDT" duration-ms="4844">
    <groups>
    </groups>
    <test started-at="2023-11-01T15:48:42 EDT" name="Default test" finished-at="2023-11-01T15:48:47 EDT" duration-ms="4844">
      <class name="DummyAutomationWebsite.tests.CheckoutCompleteTest">
        <test-method is-config="true" signature="launchApplication()[pri:0, instance:DummyAutomationWebsite.tests.CheckoutCompleteTest@52e6fdee]" started-at="2023-11-01T15:48:42 EDT" name="launchApplication" finished-at="2023-11-01T15:48:44 EDT" duration-ms="1948" status="PASS">
          <reporter-output>
          </reporter-output>
        </test-method> <!-- launchApplication -->
        <test-method signature="clickBackHome()[pri:0, instance:DummyAutomationWebsite.tests.CheckoutCompleteTest@52e6fdee]" started-at="2023-11-01T15:48:44 EDT" name="clickBackHome" finished-at="2023-11-01T15:48:47 EDT" duration-ms="2770" status="PASS">
          <reporter-output>
          </reporter-output>
        </test-method> <!-- clickBackHome -->
        <test-method is-config="true" signature="teardown()[pri:0, instance:DummyAutomationWebsite.tests.CheckoutCompleteTest@52e6fdee]" started-at="2023-11-01T15:48:47 EDT" name="teardown" finished-at="2023-11-01T15:48:47 EDT" duration-ms="101" status="PASS">
          <reporter-output>
          </reporter-output>
        </test-method> <!-- teardown -->
      </class> <!-- DummyAutomationWebsite.tests.CheckoutCompleteTest -->
    </test> <!-- Default test -->
  </suite> <!-- Default suite -->
</testng-results>
